<?xml version="1.0" encoding="UTF-8"?>
<!-- Generated by org.testng.reporters.JUnitReportReporter -->
<testsuite skipped="0" hostname="LAPTOP-1IKM18D7" name="nykaaTest.NykaLoginTest" tests="1" failures="0" timestamp="14 Nov 2024 17:29:29 GMT" time="25.176" errors="0">
  <testcase name="loginWithValidCredentials" time="25.176" classname="nykaaTest.NykaLoginTest"/>
</testsuite> <!-- nykaaTest.NykaLoginTest -->
